<?xml version="1.0" encoding="UTF-8"?>
<!-- Generated by org.testng.reporters.JUnitReportReporter -->
<testsuite skipped="5" hostname="L-CDZ6152" name="learning.appium.ecommerce.task.EcommerceTest" tests="6" failures="0" timestamp="04 Dec 2020 10:58:58 GMT" time="24.814" errors="0">
  <testcase name="endToEndTest" time="24.814" classname="learning.appium.ecommerce.task.EcommerceTest"/>
  <testcase name="longPressAndSingleTapGesture" classname="learning.appium.ecommerce.task.EcommerceTest">
    <skipped/>
  </testcase> <!-- longPressAndSingleTapGesture -->
  <testcase name="miscellaneousAppiumCommands" classname="learning.appium.ecommerce.task.EcommerceTest">
    <skipped/>
  </testcase> <!-- miscellaneousAppiumCommands -->
  <testcase name="swipeGesture" classname="learning.appium.ecommerce.task.EcommerceTest">
    <skipped/>
  </testcase> <!-- swipeGesture -->
  <testcase name="scrollingGesture" classname="learning.appium.ecommerce.task.EcommerceTest">
    <skipped/>
  </testcase> <!-- scrollingGesture -->
  <testcase name="dragAndDropGesture" classname="learning.appium.ecommerce.task.EcommerceTest">
    <skipped/>
  </testcase> <!-- dragAndDropGesture -->
</testsuite> <!-- learning.appium.ecommerce.task.EcommerceTest -->
