<?xml version="1.0" encoding="UTF-8"?>
<!-- Generated by org.testng.reporters.JUnitReportReporter -->
<testsuite skipped="0" hostname="L-CDZ6152" name="learning.appium.apidemos.tests.ApiDemoTests" tests="6" failures="0" timestamp="01 Dec 2020 10:12:43 GMT" time="81.009" errors="0">
  <testcase name="setWifiName" time="22.223" classname="learning.appium.apidemos.tests.ApiDemoTests"/>
  <testcase name="longPressAndSingleTapGesture" time="13.047" classname="learning.appium.apidemos.tests.ApiDemoTests"/>
  <testcase name="swipeGesture" time="12.794" classname="learning.appium.apidemos.tests.ApiDemoTests"/>
  <testcase name="scrollingGesture" time="14.604" classname="learning.appium.apidemos.tests.ApiDemoTests"/>
  <testcase name="dragAndDropGesture" time="10.644" classname="learning.appium.apidemos.tests.ApiDemoTests"/>
  <testcase name="miscellaneousAppiumCommands" time="7.697" classname="learning.appium.apidemos.tests.ApiDemoTests"/>
</testsuite> <!-- learning.appium.apidemos.tests.ApiDemoTests -->
