<?xml version="1.0" encoding="UTF-8"?>
<!-- Generated by org.testng.reporters.JUnitReportReporter -->
<testsuite skipped="0" hostname="L-CDZ6152" name="learning.appium.apidemos.tests.WebAppTest" tests="1" failures="0" timestamp="03 Dec 2020 16:32:53 GMT" time="97.258" errors="0">
  <testcase name="testWebApp" time="97.258" classname="learning.appium.apidemos.tests.WebAppTest"/>
</testsuite> <!-- learning.appium.apidemos.tests.WebAppTest -->
