<?xml version="1.0" encoding="UTF-8"?>
<!-- Generated by org.testng.reporters.JUnitReportReporter -->
<testsuite skipped="0" hostname="L-CDZ6152" name="learning.appium.tests.Tests" tests="1" failures="0" timestamp="30 Nov 2020 08:04:24 GMT" time="7.586" errors="0">
  <testcase name="openCalculator" time="7.586" classname="learning.appium.tests.Tests"/>
</testsuite> <!-- learning.appium.tests.Tests -->
